<?xml version="1.0" encoding="UTF-8"?>
<Site BuildName="(empty)"
	BuildStamp="20191030-0650-Experimental"
	Name="(empty)"
	Generator="ctest-3.16.0-rc1"
	CompilerName=""
	CompilerVersion=""
	OSName="Linux"
	Hostname="raspberrypi"
	OSRelease="4.19.75-v7l+"
	OSVersion="#1270 SMP Tue Sep 24 18:51:41 BST 2019"
	OSPlatform="armv7l"
	Is64Bits="0"
	VendorString=""
	VendorID="Unknown Manufacturer"
	FamilyID="7"
	ModelID="0"
	ProcessorCacheSize="0"
	NumberOfLogicalCPU="4"
	NumberOfPhysicalCPU="1"
	TotalVirtualMemory="99"
	TotalPhysicalMemory="3906"
	LogicalProcessorsPerPhysical="4"
	ProcessorClockFrequency="0"
	>
	<Testing>
		<StartDateTime>Oct 30 15:50 JST</StartDateTime>
		<StartTestTime>1572418235</StartTestTime>
		<TestList/>
		<EndDateTime>Oct 30 15:50 JST</EndDateTime>
		<EndTestTime>1572418235</EndTestTime>
		<ElapsedMinutes>0</ElapsedMinutes>
	</Testing>
</Site>
